<?xml version="1.0" encoding="UTF-8"?>
<!-- Generated by org.testng.reporters.JUnitReportReporter -->
<testsuite hostname="LAPTOP-G21ALLI8" failures="0" tests="3" name="SeleniumSignupTest.TestSignupSelenium" time="0.000" errors="0" timestamp="2023-04-24T18:30:06 WAT" skipped="3">
  <testcase classname="SeleniumSignupTest.TestSignupSelenium" name="PositiveSignup" time="0.000">
    <skipped/>
  </testcase> <!-- PositiveSignup -->
  <system-out/>
  <testcase classname="SeleniumSignupTest.TestSignupSelenium" name="clickUser1item" time="0.000">
    <skipped/>
  </testcase> <!-- clickUser1item -->
  <system-out/>
  <testcase classname="SeleniumSignupTest.TestSignupSelenium" name="verifyItems" time="0.000">
    <skipped/>
  </testcase> <!-- verifyItems -->
  <system-out/>
</testsuite> <!-- SeleniumSignupTest.TestSignupSelenium -->
